
--------------------------------------------------------------------------------
Output Summary of tumor_calls, executed at Fri 03 Feb 2023 02:48:53 PM  with the following input arguments:
--------------------------------------------------------------------------------
forward_reads: forward_reads
reverse_reads: reverse_reads
sgRNA_file: data/sgRNA_info.csv
other_sgIDs: /home/chris/tuba-seq/data/all_sgRNAs.csv
spike_barcodes: ['AAACAAGTTGGGATAAGCCAC', 'AAATTCCTTGGCGCAATTACA', 'AAGCTAATTGACGAAAGGCCT', 'AATCTTTTTCCATCAAATTGC', 'AACGCCGTTCTAGGAATTTCA', 'AAGTCGATTTGGTAAACACCC', 'AAGTTTGTTTCGGGAATGCAG']
report: True
output: output.h5
master_read: GACCCGGA........AA.....TT.....AA.....ATGCCCAA
min_align_score: 0.8
min_recover_score: 0.5
parallel: True
indel_tolerated: 2
min_cells: 10
min_reads: 2
spike_cells: 1500000
order: -1
max_order: 6
drop: ('Unknown',)
skip: []
unaligned_dir: unaligned
min_read_depth: 100
pHop: 0.05
--------------------------------------------------------------------------------
Runtime: 0:00:00
--------------------------------------------------------------------------------

--------------------------------------------------------------------------------
Output Summary of tumor_calls, executed at Fri 03 Feb 2023 02:49:54 PM  with the following input arguments:
--------------------------------------------------------------------------------
forward_reads: forward_reads
reverse_reads: reverse_reads
sgRNA_file: data/sgRNA_info.csv
other_sgIDs: /home/chris/tuba-seq/data/all_sgRNAs.csv
spike_barcodes: ['AAACAAGTTGGGATAAGCCAC', 'AAATTCCTTGGCGCAATTACA', 'AAGCTAATTGACGAAAGGCCT', 'AATCTTTTTCCATCAAATTGC', 'AACGCCGTTCTAGGAATTTCA', 'AAGTCGATTTGGTAAACACCC', 'AAGTTTGTTTCGGGAATGCAG']
report: True
output: output.h5
master_read: GACCCGGA........AA.....TT.....AA.....ATGCCCAA
min_align_score: 0.8
min_recover_score: 0.5
parallel: True
indel_tolerated: 2
min_cells: 10
min_reads: 2
spike_cells: 1500000
order: -1
max_order: 6
drop: ('Unknown',)
skip: []
unaligned_dir: unaligned
min_read_depth: 100
pHop: 0.05
--------------------------------------------------------------------------------
Runtime: 0:00:00
--------------------------------------------------------------------------------
